Unable to load the sleep module (no animations available)



 /\\\      /\\\ /\\\\\\\\\\  /\\\\\     /\\\    /\\\\\\\\    /\\\      \\\\      
 \/\\\     /\\\ \/\\\_____/  \/\\\ \\\  \/\\\  /\\\_____/\\\ \/\\\ \\ \\ \\\     
   \/\\\   /\\\  \/\\\        \/\\\ /\\\ \/\\\ \/\\\    \/\\\ \/\\\  \\\  \\\    
    \/\\\  /\\\   \/\\\\\\\\\\ \/\\\  /\\\ /\\\ \/\\\    \/\\\ \/\\\  \\\  \\\   
      \/\\\ \\\    \/\\\_____/  \/\\\ \/\\\ /\\\ \/\\\    \/\\\ \/\\\  \\\  \\\  
       \/\\\\\\     \/\\\        \/\\\ \ /\\\ \\\ \/\\\    \/\\\ \/\\\  \\\  \\\ 
        \/_/\\\      \/\\\\\\\\\\ \/\\\  \/_\\\\\\ \/_/\\\\\\\\\  \/\\\  \\\  \\\
          \/__/       \/________/  \/_/    \/____/    \/_______/   \/_/ \/_/ \/_/



[32minfo[39m:     https://orkestral.io - official site!

[32minfo[39m:     [Chat-GPT] Waiting... checking the browser...
[32minfo[39m:     [Chat-GPT] Browser successfully opened
[32minfo[39m:     [Chat-GPT] checking headless...
[32minfo[39m:     [Chat-GPT] headless option is active, browser hidden
[32minfo[39m:     [Chat-GPT] Checking page...
[32minfo[39m:     [Chat-GPT] Page successfully accessed
- [instance: Chat-GPT]: Waiting page load
- [instance: Chat-GPT]: Checking is logged...
- [instance: Chat-GPT]: Authenticated
- [instance: Chat-GPT]: Checking phone is connected...
- [instance: Chat-GPT]: Connected
Unable to load the sleep module (no animations available)



 /\\\      /\\\ /\\\\\\\\\\  /\\\\\     /\\\    /\\\\\\\\    /\\\      \\\\      
 \/\\\     /\\\ \/\\\_____/  \/\\\ \\\  \/\\\  /\\\_____/\\\ \/\\\ \\ \\ \\\     
   \/\\\   /\\\  \/\\\        \/\\\ /\\\ \/\\\ \/\\\    \/\\\ \/\\\  \\\  \\\    
    \/\\\  /\\\   \/\\\\\\\\\\ \/\\\  /\\\ /\\\ \/\\\    \/\\\ \/\\\  \\\  \\\   
      \/\\\ \\\    \/\\\_____/  \/\\\ \/\\\ /\\\ \/\\\    \/\\\ \/\\\  \\\  \\\  
       \/\\\\\\     \/\\\        \/\\\ \ /\\\ \\\ \/\\\    \/\\\ \/\\\  \\\  \\\ 
        \/_/\\\      \/\\\\\\\\\\ \/\\\  \/_\\\\\\ \/_/\\\\\\\\\  \/\\\  \\\  \\\
          \/__/       \/________/  \/_/    \/____/    \/_______/   \/_/ \/_/ \/_/



[32minfo[39m:     https://orkestral.io - official site!

[32minfo[39m:     [Chat-GPT] Waiting... checking the browser...
[32minfo[39m:     [Chat-GPT] Browser successfully opened
[32minfo[39m:     [Chat-GPT] checking headless...
[32minfo[39m:     [Chat-GPT] headless option is active, browser hidden
[32minfo[39m:     [Chat-GPT] Checking page...
[32minfo[39m:     [Chat-GPT] Page successfully accessed
- [instance: Chat-GPT]: Waiting page load
- [instance: Chat-GPT]: Checking is logged...
- [instance: Chat-GPT]: Authenticated
- [instance: Chat-GPT]: Checking phone is connected...
- [instance: Chat-GPT]: Connected
